<?xml version="1.0" encoding="UTF-8"?>
<testsuite xmlns:xsi="http://www.w3.org/2001/XMLSchema-instance" xsi:noNamespaceSchemaLocation="https://maven.apache.org/surefire/maven-surefire-plugin/xsd/surefire-test-report-3.0.xsd" version="3.0" name="org.example.HashSetTest" time="0.027" tests="4" errors="0" skipped="0" failures="0">
  <properties>
[...]
</properties>
  <testcase name="can_iterate_over_the_unique_values" classname="org.example.HashSetTest" time="0.009"/>
  <testcase name="keeps_just_a_single_instance_of_an_added_item" classname="org.example.HashSetTest" time="0.0"/>
  <testcase name="union_leaves_original_sets_unchanged" classname="org.example.HashSetTest" time="0.0"/>
  <testcase name="union_combines_unique_elements_of_two_sets" classname="org.example.HashSetTest" time="0.0"/>
</testsuite>